2025-07-12 18:50:13,303 - ppt_template_analyzer - INFO - 未指定模板路径，使用默认目录: C:\Users\18037\Desktop\数字资源生成\back\ppt_templates
2025-07-12 18:50:13,304 - ppt_template_analyzer - INFO - 开始分析目录中的所有模板: C:\Users\18037\Desktop\数字资源生成\back\ppt_templates
2025-07-12 18:50:13,305 - ppt_template_analyzer - INFO - 找到11个PPTX文件
2025-07-12 18:50:13,306 - ppt_template_analyzer - INFO - 处理模板: C:\Users\18037\Desktop\数字资源生成\back\ppt_templates\绿色圆点.pptx
2025-07-12 18:50:13,306 - ppt_template_analyzer - INFO - 开始分析模板: C:\Users\18037\Desktop\数字资源生成\back\ppt_templates\绿色圆点.pptx
2025-07-12 18:50:13,442 - ppt_template_analyzer - INFO - 模板分析完成，元数据已保存到: C:\Users\18037\Desktop\数字资源生成\back\ppt_templates\绿色圆点.json
2025-07-12 18:50:13,442 - ppt_template_analyzer - INFO - 生成JSON元数据: C:\Users\18037\Desktop\数字资源生成\back\ppt_templates\绿色圆点.json
2025-07-12 18:50:13,443 - ppt_template_analyzer - INFO - 处理模板: C:\Users\18037\Desktop\数字资源生成\back\ppt_templates\缘褛-教学说课-001.pptx
2025-07-12 18:50:13,443 - ppt_template_analyzer - INFO - 开始分析模板: C:\Users\18037\Desktop\数字资源生成\back\ppt_templates\缘褛-教学说课-001.pptx
2025-07-12 18:50:13,634 - ppt_template_analyzer - INFO - 模板分析完成，元数据已保存到: C:\Users\18037\Desktop\数字资源生成\back\ppt_templates\缘褛-教学说课-001.json
2025-07-12 18:50:13,634 - ppt_template_analyzer - INFO - 生成JSON元数据: C:\Users\18037\Desktop\数字资源生成\back\ppt_templates\缘褛-教学说课-001.json
2025-07-12 18:50:13,635 - ppt_template_analyzer - INFO - 处理模板: C:\Users\18037\Desktop\数字资源生成\back\ppt_templates\缘褛-教学说课-002.pptx
2025-07-12 18:50:13,635 - ppt_template_analyzer - INFO - 开始分析模板: C:\Users\18037\Desktop\数字资源生成\back\ppt_templates\缘褛-教学说课-002.pptx
2025-07-12 18:50:13,808 - ppt_template_analyzer - INFO - 模板分析完成，元数据已保存到: C:\Users\18037\Desktop\数字资源生成\back\ppt_templates\缘褛-教学说课-002.json
2025-07-12 18:50:13,810 - ppt_template_analyzer - INFO - 生成JSON元数据: C:\Users\18037\Desktop\数字资源生成\back\ppt_templates\缘褛-教学说课-002.json
2025-07-12 18:50:13,810 - ppt_template_analyzer - INFO - 处理模板: C:\Users\18037\Desktop\数字资源生成\back\ppt_templates\缘褛-教学说课-003.pptx
2025-07-12 18:50:13,810 - ppt_template_analyzer - INFO - 开始分析模板: C:\Users\18037\Desktop\数字资源生成\back\ppt_templates\缘褛-教学说课-003.pptx
2025-07-12 18:50:13,983 - ppt_template_analyzer - INFO - 模板分析完成，元数据已保存到: C:\Users\18037\Desktop\数字资源生成\back\ppt_templates\缘褛-教学说课-003.json
2025-07-12 18:50:13,983 - ppt_template_analyzer - INFO - 生成JSON元数据: C:\Users\18037\Desktop\数字资源生成\back\ppt_templates\缘褛-教学说课-003.json
2025-07-12 18:50:13,984 - ppt_template_analyzer - INFO - 处理模板: C:\Users\18037\Desktop\数字资源生成\back\ppt_templates\缘褛-教学说课-004.pptx
2025-07-12 18:50:13,984 - ppt_template_analyzer - INFO - 开始分析模板: C:\Users\18037\Desktop\数字资源生成\back\ppt_templates\缘褛-教学说课-004.pptx
2025-07-12 18:50:14,226 - ppt_template_analyzer - INFO - 模板分析完成，元数据已保存到: C:\Users\18037\Desktop\数字资源生成\back\ppt_templates\缘褛-教学说课-004.json
2025-07-12 18:50:14,227 - ppt_template_analyzer - INFO - 生成JSON元数据: C:\Users\18037\Desktop\数字资源生成\back\ppt_templates\缘褛-教学说课-004.json
2025-07-12 18:50:14,228 - ppt_template_analyzer - INFO - 处理模板: C:\Users\18037\Desktop\数字资源生成\back\ppt_templates\缘褛-教学说课-005.pptx
2025-07-12 18:50:14,228 - ppt_template_analyzer - INFO - 开始分析模板: C:\Users\18037\Desktop\数字资源生成\back\ppt_templates\缘褛-教学说课-005.pptx
2025-07-12 18:50:14,428 - ppt_template_analyzer - INFO - 模板分析完成，元数据已保存到: C:\Users\18037\Desktop\数字资源生成\back\ppt_templates\缘褛-教学说课-005.json
2025-07-12 18:50:14,428 - ppt_template_analyzer - INFO - 生成JSON元数据: C:\Users\18037\Desktop\数字资源生成\back\ppt_templates\缘褛-教学说课-005.json
2025-07-12 18:50:14,428 - ppt_template_analyzer - INFO - 处理模板: C:\Users\18037\Desktop\数字资源生成\back\ppt_templates\缘褛-教学说课-006.pptx
2025-07-12 18:50:14,429 - ppt_template_analyzer - INFO - 开始分析模板: C:\Users\18037\Desktop\数字资源生成\back\ppt_templates\缘褛-教学说课-006.pptx
2025-07-12 18:50:14,634 - ppt_template_analyzer - INFO - 模板分析完成，元数据已保存到: C:\Users\18037\Desktop\数字资源生成\back\ppt_templates\缘褛-教学说课-006.json
2025-07-12 18:50:14,635 - ppt_template_analyzer - INFO - 生成JSON元数据: C:\Users\18037\Desktop\数字资源生成\back\ppt_templates\缘褛-教学说课-006.json
2025-07-12 18:50:14,635 - ppt_template_analyzer - INFO - 处理模板: C:\Users\18037\Desktop\数字资源生成\back\ppt_templates\缘褛-教学说课-007.pptx
2025-07-12 18:50:14,635 - ppt_template_analyzer - INFO - 开始分析模板: C:\Users\18037\Desktop\数字资源生成\back\ppt_templates\缘褛-教学说课-007.pptx
2025-07-12 18:50:14,821 - ppt_template_analyzer - INFO - 模板分析完成，元数据已保存到: C:\Users\18037\Desktop\数字资源生成\back\ppt_templates\缘褛-教学说课-007.json
2025-07-12 18:50:14,822 - ppt_template_analyzer - INFO - 生成JSON元数据: C:\Users\18037\Desktop\数字资源生成\back\ppt_templates\缘褛-教学说课-007.json
2025-07-12 18:50:14,822 - ppt_template_analyzer - INFO - 处理模板: C:\Users\18037\Desktop\数字资源生成\back\ppt_templates\缘褛-教学说课-008.pptx
2025-07-12 18:50:14,822 - ppt_template_analyzer - INFO - 开始分析模板: C:\Users\18037\Desktop\数字资源生成\back\ppt_templates\缘褛-教学说课-008.pptx
2025-07-12 18:50:15,355 - ppt_template_analyzer - INFO - 模板分析完成，元数据已保存到: C:\Users\18037\Desktop\数字资源生成\back\ppt_templates\缘褛-教学说课-008.json
2025-07-12 18:50:15,356 - ppt_template_analyzer - INFO - 生成JSON元数据: C:\Users\18037\Desktop\数字资源生成\back\ppt_templates\缘褛-教学说课-008.json
2025-07-12 18:50:15,356 - ppt_template_analyzer - INFO - 处理模板: C:\Users\18037\Desktop\数字资源生成\back\ppt_templates\缘褛-教学说课-009.pptx
2025-07-12 18:50:15,356 - ppt_template_analyzer - INFO - 开始分析模板: C:\Users\18037\Desktop\数字资源生成\back\ppt_templates\缘褛-教学说课-009.pptx
2025-07-12 18:50:15,509 - ppt_template_analyzer - INFO - 模板分析完成，元数据已保存到: C:\Users\18037\Desktop\数字资源生成\back\ppt_templates\缘褛-教学说课-009.json
2025-07-12 18:50:15,509 - ppt_template_analyzer - INFO - 生成JSON元数据: C:\Users\18037\Desktop\数字资源生成\back\ppt_templates\缘褛-教学说课-009.json
2025-07-12 18:50:15,509 - ppt_template_analyzer - INFO - 处理模板: C:\Users\18037\Desktop\数字资源生成\back\ppt_templates\缘褛-教学说课-010.pptx
2025-07-12 18:50:15,509 - ppt_template_analyzer - INFO - 开始分析模板: C:\Users\18037\Desktop\数字资源生成\back\ppt_templates\缘褛-教学说课-010.pptx
2025-07-12 18:50:15,644 - ppt_template_analyzer - INFO - 模板分析完成，元数据已保存到: C:\Users\18037\Desktop\数字资源生成\back\ppt_templates\缘褛-教学说课-010.json
2025-07-12 18:50:15,645 - ppt_template_analyzer - INFO - 生成JSON元数据: C:\Users\18037\Desktop\数字资源生成\back\ppt_templates\缘褛-教学说课-010.json
2025-07-12 18:50:15,645 - ppt_template_analyzer - INFO - 模板分析完成: 成功 11/11
